[6/17/2026, 3:46:28 PM] [OK] Committed: "refactor: improve code structure" (date: 2026-06-17 07:46:27)
[6/17/2026, 3:46:31 PM] [OK] Successfully pushed to remote
[6/17/2026, 3:48:08 PM] [OK] Committed: "fix: resolve bug" (date: 2026-06-17 07:48:07)
[6/17/2026, 3:48:11 PM] [OK] Successfully pushed to remote
[6/17/2026, 3:48:25 PM] [INFO] Backfilling 336 commits over 168 days
[6/17/2026, 3:48:25 PM] [OK] Committed: "style: format code" (date: 2025-01-01 08:21:00)
[6/17/2026, 3:48:25 PM] [OK] Committed: "fix: minor improvements" (date: 2025-01-01 09:14:00)
[6/17/2026, 3:48:26 PM] [OK] Committed: "feat: enhance functionality" (date: 2025-01-02 07:31:00)
[6/17/2026, 3:48:26 PM] [OK] Committed: "docs: add comments" (date: 2025-01-02 09:33:00)
[6/17/2026, 3:48:27 PM] [OK] Committed: "docs: add comments" (date: 2025-01-03 08:43:00)
[6/17/2026, 3:48:27 PM] [OK] Committed: "chore: update project files" (date: 2025-01-03 01:32:00)
[6/17/2026, 3:48:27 PM] [OK] Committed: "style: format code" (date: 2025-01-04 06:58:00)
[6/17/2026, 3:48:28 PM] [OK] Committed: "chore: update project files" (date: 2025-01-04 09:51:00)
[6/17/2026, 3:48:28 PM] [OK] Committed: "chore: update project files" (date: 2025-01-05 02:59:00)
[6/17/2026, 3:48:29 PM] [OK] Committed: "feat: add new feature" (date: 2025-01-05 10:20:00)
[6/17/2026, 3:48:29 PM] [OK] Committed: "docs: add comments" (date: 2025-01-06 03:52:00)
[6/17/2026, 3:48:30 PM] [OK] Committed: "refactor: simplify logic" (date: 2025-01-06 09:06:00)
[6/17/2026, 3:48:30 PM] [OK] Committed: "chore: daily maintenance" (date: 2025-01-07 09:11:00)
[6/17/2026, 3:48:31 PM] [OK] Committed: "fix: minor improvements" (date: 2025-01-07 03:04:00)
[6/17/2026, 3:48:31 PM] [OK] Committed: "chore: daily maintenance" (date: 2025-01-08 10:10:00)
[6/17/2026, 3:48:31 PM] [OK] Committed: "feat: add new feature" (date: 2025-01-08 09:30:00)
[6/17/2026, 3:48:32 PM] [OK] Committed: "fix: minor improvements" (date: 2025-01-09 07:51:00)
[6/17/2026, 3:48:32 PM] [OK] Committed: "feat: enhance functionality" (date: 2025-01-09 07:48:00)
[6/17/2026, 3:48:32 PM] [OK] Committed: "test: update tests" (date: 2025-01-10 05:56:00)
[6/17/2026, 3:48:33 PM] [OK] Committed: "chore: daily maintenance" (date: 2025-01-10 09:30:00)
[6/17/2026, 3:48:33 PM] [OK] Committed: "feat: enhance functionality" (date: 2025-01-11 10:00:00)
[6/17/2026, 3:48:33 PM] [OK] Committed: "docs: add comments" (date: 2025-01-11 08:53:00)
[6/17/2026, 3:48:34 PM] [OK] Committed: "docs: update documentation" (date: 2025-01-12 04:49:00)
[6/17/2026, 3:48:34 PM] [OK] Committed: "docs: add comments" (date: 2025-01-12 09:14:00)
[6/17/2026, 3:48:34 PM] [OK] Committed: "feat: enhance functionality" (date: 2025-01-13 10:47:00)
[6/17/2026, 3:48:35 PM] [OK] Committed: "style: format code" (date: 2025-01-13 07:18:00)
[6/17/2026, 3:48:35 PM] [OK] Committed: "fix: minor improvements" (date: 2025-01-14 01:53:00)
[6/17/2026, 3:48:36 PM] [OK] Committed: "chore: daily maintenance" (date: 2025-01-14 05:05:00)
[6/17/2026, 3:48:36 PM] [OK] Committed: "feat: optimize performance" (date: 2025-01-15 09:16:00)
[6/17/2026, 3:48:37 PM] [OK] Committed: "refactor: simplify logic" (date: 2025-01-15 04:49:00)
[6/17/2026, 3:48:37 PM] [OK] Committed: "refactor: simplify logic" (date: 2025-01-16 08:20:00)
[6/17/2026, 3:48:37 PM] [OK] Committed: "docs: add comments" (date: 2025-01-16 03:40:00)
[6/17/2026, 3:48:38 PM] [OK] Committed: "docs: update documentation" (date: 2025-01-17 05:38:00)
[6/17/2026, 3:48:38 PM] [OK] Committed: "style: format code" (date: 2025-01-17 10:53:00)
[6/17/2026, 3:48:39 PM] [OK] Committed: "refactor: improve code structure" (date: 2025-01-18 01:26:00)
